Build started 11/22/2021 3:13:11 AM.
     1>Project "C:\Users\k54lv\Desktop\PRJ\Project1\Project1\Project1.vcxproj" on node 2 (Rebuild target(s)).
     1>ClCompile:
         D:\Program Files (x86)\Microsoft Visual Studio 14.0\VC\bin\CL.exe /c /ZI /nologo /W3 /WX- /sdl /Od /Oy- /D _MBCS /Gm /EHsc /RTC1 /MDd /GS /fp:precise /Zc:wchar_t /Zc:forScope /Zc:inline /Fo"Debug\\" /Fd"Debug\vc140.pdb" /Gd /TP /analyze- /errorReport:prompt FulltimeStaff.cpp HourslyStaff.cpp main.cpp PartTimeStaff.cpp Staff.cpp StaffList.cpp
         StaffList.cpp
         Staff.cpp
         PartTimeStaff.cpp
         main.cpp
     1>c:\users\k54lv\desktop\prj\project1\project1\main.cpp(1): warning C4067: unexpected tokens following preprocessor directive - expected a newline
     1>c:\users\k54lv\desktop\prj\project1\project1\main.cpp(2): warning C4067: unexpected tokens following preprocessor directive - expected a newline
     1>c:\users\k54lv\desktop\prj\project1\project1\main.cpp(3): warning C4067: unexpected tokens following preprocessor directive - expected a newline
     1>c:\users\k54lv\desktop\prj\project1\project1\main.cpp(4): warning C4067: unexpected tokens following preprocessor directive - expected a newline
         HourslyStaff.cpp
         FulltimeStaff.cpp
         Generating Code...
       Link:
         D:\Program Files (x86)\Microsoft Visual Studio 14.0\VC\bin\link.exe /ERRORREPORT:PROMPT /OUT:"C:\Users\k54lv\Desktop\PRJ\Project1\Debug\Project1.exe" /INCREMENTAL /NOLOGO kernel32.lib user32.lib gdi32.lib winspool.lib comdlg32.lib advapi32.lib shell32.lib ole32.lib oleaut32.lib uuid.lib odbc32.lib odbccp32.lib /MANIFEST /MANIFESTUAC:"level='asInvoker' uiAccess='false'" /manifest:embed /Debug /PDB:"C:\Users\k54lv\Desktop\PRJ\Project1\Debug\Project1.pdb" /TLBID:1 /DYNAMICBASE /NXCOMPAT /IMPLIB:"C:\Users\k54lv\Desktop\PRJ\Project1\Debug\Project1.lib" /MACHINE:X86 Debug\FulltimeStaff.obj
         Debug\HourslyStaff.obj
         Debug\main.obj
         Debug\PartTimeStaff.obj
         Debug\Staff.obj
         Debug\StaffList.obj
         Project1.vcxproj -> C:\Users\k54lv\Desktop\PRJ\Project1\Debug\Project1.exe
     1>Done Building Project "C:\Users\k54lv\Desktop\PRJ\Project1\Project1\Project1.vcxproj" (Rebuild target(s)).

Build succeeded.

Time Elapsed 00:00:03.95
